<?xml version="1.0" encoding="UTF-8"?>
<!-- Generated by org.testng.reporters.JUnitReportReporter -->
<testsuite hostname="LAPTOP-5MLR2FM0" name="com.orangehrm.test.TestLogin" tests="1" failures="0" timestamp="15 Mar 2021 07:16:10 GMT" time="12.365" errors="0">
  <testcase name="validateLogin" time="12.365" classname="com.orangehrm.test.TestLogin"/>
</testsuite> <!-- com.orangehrm.test.TestLogin -->
